<?xml version="1.0" encoding="UTF-8"?>
<testsuite name="org.freo.purchase.PurchaseApplicationTests" tests="6" skipped="0" failures="0" errors="0" timestamp="2018-12-11T16:11:08" hostname="saydul-XPS-13-9370" time="2.422">
  <properties/>
  <testcase name="testPOST_Level1" classname="org.freo.purchase.PurchaseApplicationTests" time="1.05"/>
  <testcase name="testPOST_Level2" classname="org.freo.purchase.PurchaseApplicationTests" time="0.079"/>
  <testcase name="TestGets_Level2" classname="org.freo.purchase.PurchaseApplicationTests" time="0.258"/>
  <testcase name="TestDelete_Level2" classname="org.freo.purchase.PurchaseApplicationTests" time="0.263"/>
  <testcase name="testGET_Level3" classname="org.freo.purchase.PurchaseApplicationTests" time="0.373"/>
  <testcase name="TestPut_Level2" classname="org.freo.purchase.PurchaseApplicationTests" time="0.389"/>
  <system-out><![CDATA[16:11:05.534 [Test worker] DEBUG org.springframework.test.context.junit4.SpringJUnit4ClassRunner - SpringJUnit4ClassRunner constructor called with [class org.freo.purchase.PurchaseApplicationTests]
16:11:05.542 [Test worker] DEBUG org.springframework.test.context.BootstrapUtils - Instantiating CacheAwareContextLoaderDelegate from class [org.springframework.test.context.cache.DefaultCacheAwareContextLoaderDelegate]
16:11:05.550 [Test worker] DEBUG org.springframework.test.context.BootstrapUtils - Instantiating BootstrapContext using constructor [public org.springframework.test.context.support.DefaultBootstrapContext(java.lang.Class,org.springframework.test.context.CacheAwareContextLoaderDelegate)]
16:11:05.568 [Test worker] DEBUG org.springframework.test.context.BootstrapUtils - Instantiating TestContextBootstrapper for test class [org.freo.purchase.PurchaseApplicationTests] from class [org.springframework.boot.test.context.SpringBootTestContextBootstrapper]
16:11:05.579 [Test worker] INFO org.springframework.boot.test.context.SpringBootTestContextBootstrapper - Neither @ContextConfiguration nor @ContextHierarchy found for test class [org.freo.purchase.PurchaseApplicationTests], using SpringBootContextLoader
16:11:05.583 [Test worker] DEBUG org.springframework.test.context.support.AbstractContextLoader - Did not detect default resource location for test class [org.freo.purchase.PurchaseApplicationTests]: class path resource [org/freo/purchase/PurchaseApplicationTests-context.xml] does not exist
16:11:05.583 [Test worker] DEBUG org.springframework.test.context.support.AbstractContextLoader - Did not detect default resource location for test class [org.freo.purchase.PurchaseApplicationTests]: class path resource [org/freo/purchase/PurchaseApplicationTestsContext.groovy] does not exist
16:11:05.583 [Test worker] INFO org.springframework.test.context.support.AbstractContextLoader - Could not detect default resource locations for test class [org.freo.purchase.PurchaseApplicationTests]: no resource found for suffixes {-context.xml, Context.groovy}.
16:11:05.617 [Test worker] DEBUG org.springframework.test.context.support.ActiveProfilesUtils - Could not find an 'annotation declaring class' for annotation type [org.springframework.test.context.ActiveProfiles] and class [org.freo.purchase.PurchaseApplicationTests]
16:11:05.752 [Test worker] DEBUG org.springframework.boot.test.context.SpringBootTestContextBootstrapper - @TestExecutionListeners is not present for class [org.freo.purchase.PurchaseApplicationTests]: using defaults.
16:11:05.752 [Test worker] INFO org.springframework.boot.test.context.SpringBootTestContextBootstrapper - Loaded default TestExecutionListener class names from location [META-INF/spring.factories]: [org.springframework.boot.test.autoconfigure.restdocs.RestDocsTestExecutionListener, org.springframework.boot.test.autoconfigure.web.client.MockRestServiceServerResetTestExecutionListener, org.springframework.boot.test.autoconfigure.web.servlet.MockMvcPrintOnlyOnFailureTestExecutionListener, org.springframework.boot.test.autoconfigure.web.servlet.WebDriverTestExecutionListener, org.springframework.boot.test.mock.mockito.MockitoTestExecutionListener, org.springframework.boot.test.mock.mockito.ResetMocksTestExecutionListener, org.springframework.test.context.web.ServletTestExecutionListener, org.springframework.test.context.support.DirtiesContextBeforeModesTestExecutionListener, org.springframework.test.context.support.DependencyInjectionTestExecutionListener, org.springframework.test.context.support.DirtiesContextTestExecutionListener, org.springframework.test.context.transaction.TransactionalTestExecutionListener, org.springframework.test.context.jdbc.SqlScriptsTestExecutionListener]
16:11:05.762 [Test worker] DEBUG org.springframework.boot.test.context.SpringBootTestContextBootstrapper - Skipping candidate TestExecutionListener [org.springframework.test.context.transaction.TransactionalTestExecutionListener] due to a missing dependency. Specify custom listener classes or make the default listener classes and their required dependencies available. Offending class: [org/springframework/transaction/TransactionDefinition]
16:11:05.763 [Test worker] DEBUG org.springframework.boot.test.context.SpringBootTestContextBootstrapper - Skipping candidate TestExecutionListener [org.springframework.test.context.jdbc.SqlScriptsTestExecutionListener] due to a missing dependency. Specify custom listener classes or make the default listener classes and their required dependencies available. Offending class: [org/springframework/transaction/interceptor/TransactionAttribute]
16:11:05.763 [Test worker] INFO org.springframework.boot.test.context.SpringBootTestContextBootstrapper - Using TestExecutionListeners: [org.springframework.test.context.web.ServletTestExecutionListener@29a5afe5, org.springframework.test.context.support.DirtiesContextBeforeModesTestExecutionListener@55e94016, org.springframework.boot.test.mock.mockito.MockitoTestExecutionListener@51966d6b, org.springframework.boot.test.autoconfigure.SpringBootDependencyInjectionTestExecutionListener@923c824, org.springframework.test.context.support.DirtiesContextTestExecutionListener@dfd9462, org.springframework.boot.test.autoconfigure.restdocs.RestDocsTestExecutionListener@120b8c3b, org.springframework.boot.test.autoconfigure.web.client.MockRestServiceServerResetTestExecutionListener@70944624, org.springframework.boot.test.autoconfigure.web.servlet.MockMvcPrintOnlyOnFailureTestExecutionListener@67e1c2fa, org.springframework.boot.test.autoconfigure.web.servlet.WebDriverTestExecutionListener@65e14e0, org.springframework.boot.test.mock.mockito.ResetMocksTestExecutionListener@487a3a44]
16:11:05.766 [Test worker] DEBUG org.springframework.test.annotation.ProfileValueUtils - Retrieved @ProfileValueSourceConfiguration [null] for test class [org.freo.purchase.PurchaseApplicationTests]
16:11:05.766 [Test worker] DEBUG org.springframework.test.annotation.ProfileValueUtils - Retrieved ProfileValueSource type [class org.springframework.test.annotation.SystemProfileValueSource] for class [org.freo.purchase.PurchaseApplicationTests]
16:11:05.767 [Test worker] DEBUG org.springframework.test.annotation.ProfileValueUtils - Retrieved @ProfileValueSourceConfiguration [null] for test class [org.freo.purchase.PurchaseApplicationTests]
16:11:05.767 [Test worker] DEBUG org.springframework.test.annotation.ProfileValueUtils - Retrieved ProfileValueSource type [class org.springframework.test.annotation.SystemProfileValueSource] for class [org.freo.purchase.PurchaseApplicationTests]
16:11:05.772 [Test worker] DEBUG org.springframework.test.context.support.AbstractDirtiesContextTestExecutionListener - Before test class: context [DefaultTestContext@2ab491ff testClass = PurchaseApplicationTests, testInstance = [null], testMethod = [null], testException = [null], mergedContextConfiguration = [WebMergedContextConfiguration@5ca07891 testClass = PurchaseApplicationTests, locations = '{}', classes = '{class org.freo.purchase.PurchaseApplication, class org.freo.purchase.PurchaseApplication}', contextInitializerClasses = '[]', activeProfiles = '{}', propertySourceLocations = '{}', propertySourceProperties = '{org.springframework.boot.test.context.SpringBootTestContextBootstrapper=true}', contextCustomizers = set[org.springframework.boot.test.autoconfigure.properties.PropertyMappingContextCustomizer@0, org.springframework.boot.test.autoconfigure.web.servlet.WebDriverContextCustomizerFactory$Customizer@4a9be7a3, org.springframework.boot.test.context.filter.ExcludeFilterContextCustomizer@6d28ba6, org.springframework.boot.test.json.DuplicateJsonObjectContextCustomizerFactory$DuplicateJsonObjectContextCustomizer@3619bb8d, org.springframework.boot.test.mock.mockito.MockitoContextCustomizer@0, org.springframework.boot.test.web.client.TestRestTemplateContextCustomizer@766f9d14], resourceBasePath = 'src/main/webapp', contextLoader = 'org.springframework.boot.test.context.SpringBootContextLoader', parent = [null]], attributes = map['org.springframework.test.context.web.ServletTestExecutionListener.activateListener' -> false]], class annotated with @DirtiesContext [false] with mode [null].
16:11:05.772 [Test worker] DEBUG org.springframework.test.annotation.ProfileValueUtils - Retrieved @ProfileValueSourceConfiguration [null] for test class [org.freo.purchase.PurchaseApplicationTests]
16:11:05.773 [Test worker] DEBUG org.springframework.test.annotation.ProfileValueUtils - Retrieved ProfileValueSource type [class org.springframework.test.annotation.SystemProfileValueSource] for class [org.freo.purchase.PurchaseApplicationTests]
16:11:05.796 [Test worker] DEBUG org.springframework.test.context.support.DependencyInjectionTestExecutionListener - Performing dependency injection for test context [[DefaultTestContext@2ab491ff testClass = PurchaseApplicationTests, testInstance = org.freo.purchase.PurchaseApplicationTests@375d7198, testMethod = [null], testException = [null], mergedContextConfiguration = [WebMergedContextConfiguration@5ca07891 testClass = PurchaseApplicationTests, locations = '{}', classes = '{class org.freo.purchase.PurchaseApplication, class org.freo.purchase.PurchaseApplication}', contextInitializerClasses = '[]', activeProfiles = '{}', propertySourceLocations = '{}', propertySourceProperties = '{org.springframework.boot.test.context.SpringBootTestContextBootstrapper=true}', contextCustomizers = set[org.springframework.boot.test.autoconfigure.properties.PropertyMappingContextCustomizer@0, org.springframework.boot.test.autoconfigure.web.servlet.WebDriverContextCustomizerFactory$Customizer@4a9be7a3, org.springframework.boot.test.context.filter.ExcludeFilterContextCustomizer@6d28ba6, org.springframework.boot.test.json.DuplicateJsonObjectContextCustomizerFactory$DuplicateJsonObjectContextCustomizer@3619bb8d, org.springframework.boot.test.mock.mockito.MockitoContextCustomizer@0, org.springframework.boot.test.web.client.TestRestTemplateContextCustomizer@766f9d14], resourceBasePath = 'src/main/webapp', contextLoader = 'org.springframework.boot.test.context.SpringBootContextLoader', parent = [null]], attributes = map['org.springframework.test.context.web.ServletTestExecutionListener.activateListener' -> false]]].
16:11:05.819 [Test worker] DEBUG org.springframework.test.context.support.TestPropertySourceUtils - Adding inlined properties to environment: {spring.jmx.enabled=false, org.springframework.boot.test.context.SpringBootTestContextBootstrapper=true}

  .   ____          _            __ _ _
 /\\ / ___'_ __ _ _(_)_ __  __ _ \ \ \ \
( ( )\___ | '_ | '_| | '_ \/ _` | \ \ \ \
 \\/  ___)| |_)| | | | | || (_| |  ) ) ) )
  '  |____| .__|_| |_|_| |_\__, | / / / /
 =========|_|==============|___/=/_/_/_/
 :: Spring Boot ::        (v2.1.1.RELEASE)

2018-12-11 16:11:06.070  WARN 30948 --- [    Test worker] ory$DuplicateJsonObjectContextCustomizer : 

Found multiple occurrences of org.json.JSONObject on the class path:

	jar:file:/home/saydul/.gradle/caches/modules-2/files-2.1/org.json/json/20160212/a742e3f85161835b95877478c5dd5b405cefaab9/json-20160212.jar!/org/json/JSONObject.class
	jar:file:/home/saydul/.gradle/caches/modules-2/files-2.1/com.vaadin.external.google/android-json/0.0.20131108.vaadin1/fa26d351fe62a6a17f5cda1287c1c6110dec413f/android-json-0.0.20131108.vaadin1.jar!/org/json/JSONObject.class

You may wish to exclude one of them to ensure predictable runtime behavior

2018-12-11 16:11:06.084  INFO 30948 --- [    Test worker] o.f.purchase.PurchaseApplicationTests    : Starting PurchaseApplicationTests on saydul-XPS-13-9370 with PID 30948 (started by saydul in /home/saydul/development/service_oriented_architecture/exercise-4)
2018-12-11 16:11:06.085  INFO 30948 --- [    Test worker] o.f.purchase.PurchaseApplicationTests    : No active profile set, falling back to default profiles: default
2018-12-11 16:11:07.198  INFO 30948 --- [    Test worker] o.s.b.w.embedded.tomcat.TomcatWebServer  : Tomcat initialized with port(s): 8080 (http)
2018-12-11 16:11:07.227  INFO 30948 --- [    Test worker] o.apache.catalina.core.StandardService   : Starting service [Tomcat]
2018-12-11 16:11:07.227  INFO 30948 --- [    Test worker] org.apache.catalina.core.StandardEngine  : Starting Servlet Engine: Apache Tomcat/9.0.13
2018-12-11 16:11:07.239  INFO 30948 --- [    Test worker] o.a.catalina.core.AprLifecycleListener   : The APR based Apache Tomcat Native library which allows optimal performance in production environments was not found on the java.library.path: [/usr/java/packages/lib/amd64:/usr/lib/x86_64-linux-gnu/jni:/lib/x86_64-linux-gnu:/usr/lib/x86_64-linux-gnu:/usr/lib/jni:/lib:/usr/lib]
2018-12-11 16:11:07.369  INFO 30948 --- [    Test worker] o.a.c.c.C.[Tomcat].[localhost].[/]       : Initializing Spring embedded WebApplicationContext
2018-12-11 16:11:07.369  INFO 30948 --- [    Test worker] o.s.web.context.ContextLoader            : Root WebApplicationContext: initialization completed in 1261 ms
2018-12-11 16:11:08.123  INFO 30948 --- [    Test worker] o.s.b.w.embedded.tomcat.TomcatWebServer  : Tomcat started on port(s): 8080 (http) with context path ''
2018-12-11 16:11:08.127  INFO 30948 --- [    Test worker] o.f.purchase.PurchaseApplicationTests    : Started PurchaseApplicationTests in 2.306 seconds (JVM running for 3.194)
2018-12-11 16:11:09.056  WARN 30948 --- [nio-8080-exec-1] org.glassfish.jersey.internal.Errors     : The following warnings have been detected: WARNING: The (sub)resource method createOrder in org.freo.purchase.Purchase contains empty path annotation.
WARNING: The (sub)resource method getOrders in org.freo.purchase.Purchase contains empty path annotation.

]]></system-out>
  <system-err><![CDATA[]]></system-err>
</testsuite>
